05-23-2022 23:51:11 : INFO : logger : Successfully Instantiated ml Class Object
05-23-2022 23:51:36 : INFO : logger : Successfully Instantiated ml Class Object
05-23-2022 23:51:36 : INFO : logger : Successfully Instantiated ml Class Object
05-23-2022 23:52:53 : INFO : logger : Successfully Instantiated ml Class Object
05-23-2022 23:52:53 : INFO : logger : Successfully Instantiated ml Class Object
05-23-2022 23:52:53 : INFO : logger : Successfully Instantiated ml Class Object
05-23-2022 23:52:53 : INFO : logger : Successfully Instantiated Preprocessing Class Object
05-23-2022 23:52:53 : INFO : logger : Successfully Instantiated Preprocessing Class Object
05-23-2022 23:52:53 : INFO : logger : Successfully Instantiated Preprocessing Class Object
05-23-2022 23:56:43 : INFO : logger : Successfully Instantiated ml Class Object
05-23-2022 23:56:43 : INFO : logger : Successfully Instantiated ml Class Object
05-23-2022 23:56:43 : INFO : logger : Successfully Instantiated ml Class Object
05-23-2022 23:56:43 : INFO : logger : Successfully Instantiated ml Class Object
05-23-2022 23:56:43 : INFO : logger : Successfully Instantiated Preprocessing Class Object
05-23-2022 23:56:43 : INFO : logger : Successfully Instantiated Preprocessing Class Object
05-23-2022 23:56:43 : INFO : logger : Successfully Instantiated Preprocessing Class Object
05-23-2022 23:56:43 : INFO : logger : Successfully Instantiated Preprocessing Class Object
05-24-2022 00:15:17 : INFO : logger : Successfully Instantiated ml Class Object
05-24-2022 00:15:17 : INFO : logger : Successfully Instantiated Preprocessing Class Object
05-24-2022 00:15:20 : INFO : logger : Successfully Instantiated preprocess Class Object
05-24-2022 00:15:45 : INFO : logger : Plotting a histogram
05-24-2022 00:16:39 : INFO : logger : Plotting a histogram
05-24-2022 00:16:48 : INFO : logger : Successfully Instantiated ml Class Object
05-24-2022 00:16:48 : INFO : logger : Successfully Instantiated ml Class Object
05-24-2022 00:16:48 : INFO : logger : Successfully Instantiated Preprocessing Class Object
05-24-2022 00:16:48 : INFO : logger : Successfully Instantiated Preprocessing Class Object
05-24-2022 00:17:05 : INFO : logger : Plotting a histogram
05-24-2022 00:17:05 : INFO : logger : Plotting a histogram
05-24-2022 00:17:53 : INFO : logger : Plotting a histogram
05-24-2022 00:17:53 : INFO : logger : Plotting a histogram
05-24-2022 00:55:34 : INFO : logger : Plotting a scatter plot
05-24-2022 00:55:34 : INFO : logger : Plotting a scatter plot
